{
  "stats": {
    "suites": 1,
    "tests": 1,
    "passes": 0,
    "pending": 0,
    "failures": 1,
    "start": "2024-05-17T05:03:43.643Z",
    "end": "2024-05-17T05:03:46.165Z",
    "duration": 2522,
    "testsRegistered": 1,
    "passPercent": 0,
    "pendingPercent": 0,
    "other": 1,
    "hasOther": true,
    "skipped": 0,
    "hasSkipped": false
  },
  "results": [
    {
      "uuid": "19abe00b-c668-4df2-af16-560443cb27f7",
      "title": "",
      "fullFile": "cypress/integration/examples/BDD/ecommerce.feature",
      "file": "cypress/integration/examples/BDD/ecommerce.feature",
      "beforeHooks": [],
      "afterHooks": [],
      "tests": [],
      "suites": [
        {
          "uuid": "cfa001f4-b7ed-4abf-822c-ae42ab49d6c9",
          "title": "End to End Ecommerce validation",
          "fullFile": "",
          "file": "",
          "beforeHooks": [],
          "afterHooks": [],
          "tests": [
            {
              "title": "Ecommerce Product Delivery",
              "fullTitle": "End to End Ecommerce validation Ecommerce Product Delivery",
              "timedOut": null,
              "duration": 119,
              "state": "failed",
              "speed": null,
              "pass": false,
              "fail": true,
              "pending": false,
              "context": "{\n  \"title\": \"cypress-mochawesome-reporter-screenshots\",\n  \"value\": [\n    [\n      \"/ecommerce.feature/End to End Ecommerce validation -- Ecommerce Product Delivery (failed).png\",\n      \"/ecommerce.feature/End to End Ecommerce validation -- Ecommerce Product Delivery -- after each hook (failed).png\"\n    ]\n  ]\n}",
              "code": "var _a, _b, _c, _d, _e;\nconst { remainingSteps, testCaseStartedId } = retrieveInternalSpecProperties();\ntaskTestCaseStarted(context, {\n    id: testCaseStartedId,\n    testCaseId,\n    attempt: attempt++,\n    timestamp: (0, messages_1.createTimestamp)(),\n});\nwindow.testState = {\n    gherkinDocument,\n    pickles,\n    pickle,\n};\nconst onAfterStep = (options) => {\n    var _a, _b, _c;\n    const { testStepId, start, result } = options;\n    const end = (0, messages_1.createTimestamp)();\n    if (result === \"pending\" || result === \"skipped\") {\n        if (result === \"pending\") {\n            taskTestStepFinished(context, {\n                testStepId,\n                testCaseStartedId,\n                testStepResult: {\n                    status: messages.TestStepResultStatus.PENDING,\n                    duration: (0, messages_1.duration)(start, end),\n                },\n                timestamp: end,\n            });\n        }\n        else {\n            taskTestStepFinished(context, {\n                testStepId,\n                testCaseStartedId,\n                testStepResult: {\n                    status: messages.TestStepResultStatus.SKIPPED,\n                    duration: (0, messages_1.duration)(start, end),\n                },\n                timestamp: end,\n            });\n        }\n        remainingSteps.shift();\n        for (const skippedStep of remainingSteps) {\n            const hookIdOrPickleStepId = (0, assertions_1.assertAndReturn)((_b = (_a = skippedStep.hook) === null || _a === void 0 ? void 0 : _a.id) !== null && _b !== void 0 ? _b : (_c = skippedStep.pickleStep) === null || _c === void 0 ? void 0 : _c.id, \"Expected a step to either be a hook or a pickleStep\");\n            const testStepId = getTestStepId({\n                context,\n                pickleId: pickle.id,\n                hookIdOrPickleStepId,\n            });\n            taskTestStepStarted(context, {\n                testStepId,\n                testCaseStartedId,\n                timestamp: (0, messages_1.createTimestamp)(),\n            });\n            taskTestStepFinished(context, {\n                testStepId,\n                testCaseStartedId,\n                testStepResult: {\n                    status: messages.TestStepResultStatus.SKIPPED,\n                    duration: {\n                        seconds: 0,\n                        nanos: 0,\n                    },\n                },\n                timestamp: (0, messages_1.createTimestamp)(),\n            });\n        }\n        for (let i = 0, count = remainingSteps.length; i < count; i++) {\n            remainingSteps.pop();\n        }\n        cy.then(() => this.skip());\n    }\n    else {\n        taskTestStepFinished(context, {\n            testStepId,\n            testCaseStartedId,\n            testStepResult: {\n                status: messages.TestStepResultStatus.PASSED,\n                duration: (0, messages_1.duration)(start, end),\n            },\n            timestamp: end,\n        });\n        remainingSteps.shift();\n    }\n};\nfor (const step of steps) {\n    if (step.hook) {\n        const hook = step.hook;\n        const testStepId = getTestStepId({\n            context,\n            pickleId: pickle.id,\n            hookIdOrPickleStepId: hook.id,\n        });\n        cy.then(() => {\n            delete window.testState.pickleStep;\n            const start = (0, messages_1.createTimestamp)();\n            internalProperties.currentStepStartedAt = start;\n            taskTestStepStarted(context, {\n                testStepId,\n                testCaseStartedId,\n                timestamp: start,\n            });\n            return cy.wrap(start, { log: false });\n        })\n            .then((start) => {\n            const options = {\n                pickle,\n                gherkinDocument,\n                testCaseStartedId,\n            };\n            return (0, cypress_1.runStepWithLogGroup)({\n                fn: () => registry.runCaseHook(this, hook, options),\n                keyword: hook.keyword,\n                text: createStepDescription(hook),\n            }).then((result) => {\n                return { start, result };\n            });\n        })\n            .then(({ start, result }) => onAfterStep({ start, result, testStepId }));\n    }\n    else if (step.pickleStep) {\n        const pickleStep = step.pickleStep;\n        const testStepId = getTestStepId({\n            context,\n            pickleId: pickle.id,\n            hookIdOrPickleStepId: pickleStep.id,\n        });\n        const text = (0, assertions_1.assertAndReturn)(pickleStep.text, \"Expected pickle step to have a text\");\n        const scenarioStep = (0, assertions_1.assertAndReturn)(context.astIdsMap.get((0, assertions_1.assertAndReturn)((_a = pickleStep.astNodeIds) === null || _a === void 0 ? void 0 : _a[0], \"Expected to find at least one astNodeId\")), `Expected to find scenario step associated with id = ${(_b = pickleStep.astNodeIds) === null || _b === void 0 ? void 0 : _b[0]}`);\n        const argument = ((_c = pickleStep.argument) === null || _c === void 0 ? void 0 : _c.dataTable)\n            ? new data_table_1.default(pickleStep.argument.dataTable)\n            : ((_e = (_d = pickleStep.argument) === null || _d === void 0 ? void 0 : _d.docString) === null || _e === void 0 ? void 0 : _e.content)\n                ? pickleStep.argument.docString.content\n                : undefined;\n        cy.then(() => {\n            window.testState.pickleStep = step.pickleStep;\n            const start = (0, messages_1.createTimestamp)();\n            internalProperties.currentStep = { pickleStep };\n            internalProperties.currentStepStartedAt = start;\n            taskTestStepStarted(context, {\n                testStepId,\n                testCaseStartedId,\n                timestamp: start,\n            });\n            return cy.wrap(start, { log: false });\n        })\n            .then((start) => {\n            const beforeStepHooks = registry.resolveBeforeStepHooks(tags);\n            const afterStepHooks = registry.resolveAfterStepHooks(tags);\n            const options = {\n                pickle,\n                pickleStep,\n                gherkinDocument,\n                testCaseStartedId,\n                testStepId,\n            };\n            const beforeHooksChain = beforeStepHooks.reduce((chain, beforeStepHook) => {\n                return chain.then(() => (0, cypress_1.runStepWithLogGroup)({\n                    keyword: \"BeforeStep\",\n                    text: createStepDescription(beforeStepHook),\n                    fn: () => registry.runStepHook(this, beforeStepHook, options),\n                }));\n            }, cy.wrap({}, { log: false }));\n            return beforeHooksChain.then(() => {\n                try {\n                    return (0, cypress_1.runStepWithLogGroup)({\n                        keyword: (0, assertions_1.assertAndReturn)(\"keyword\" in scenarioStep && scenarioStep.keyword, \"Expected to find a keyword in the scenario step\"),\n                        argument,\n                        text,\n                        fn: () => registry.runStepDefininition(this, text, argument),\n                    }).then((result) => {\n                        return afterStepHooks\n                            .reduce((chain, afterStepHook) => {\n                            return chain.then(() => (0, cypress_1.runStepWithLogGroup)({\n                                keyword: \"AfterStep\",\n                                text: createStepDescription(afterStepHook),\n                                fn: () => registry.runStepHook(this, afterStepHook, options),\n                            }));\n                        }, cy.wrap({}, { log: false }))\n                            .then(() => {\n                            return { start, result };\n                        });\n                    });\n                }\n                catch (e) {\n                    if (e instanceof registry_1.MissingDefinitionError) {\n                        throw new Error(createMissingStepDefinitionMessage(context, pickleStep, context.registry.parameterTypeRegistry));\n                    }\n                    else {\n                        throw e;\n                    }\n                }\n            });\n        })\n            .then(({ start, result }) => onAfterStep({ start, result, testStepId }));\n    }\n}",
              "err": {
                "message": "Error: Expected there to be a timestamp for current step (this might be a bug, please report at https://github.com/badeball/cypress-cucumber-preprocessor)\n\nBecause this error occurred during a `after each` hook we are skipping the remaining tests in the current suite: `End to End Ecommerce valida...`",
                "estack": "Error: Expected there to be a timestamp for current step (this might be a bug, please report at https://github.com/badeball/cypress-cucumber-preprocessor)\n\nBecause this error occurred during a `after each` hook we are skipping the remaining tests in the current suite: `End to End Ecommerce valida...`\n    at createError (node_modules/@badeball/cypress-cucumber-preprocessor/dist/helpers/error.js:9:0)\n    at fail (node_modules/@badeball/cypress-cucumber-preprocessor/dist/helpers/assertions.js:11:0)\n    at assert (node_modules/@badeball/cypress-cucumber-preprocessor/dist/helpers/assertions.js:18:0)\n    at assertAndReturn (node_modules/@badeball/cypress-cucumber-preprocessor/dist/helpers/assertions.js:22:0)\n    at Context.afterEachHandler (node_modules/@badeball/cypress-cucumber-preprocessor/dist/browser-runtime.js:552:0)\n    at Context.eval (node_modules/@badeball/cypress-cucumber-preprocessor/dist/browser-runtime.js:157:0)",
                "diff": null
              },
              "uuid": "9bb68324-75b9-4845-b0fb-a69d7909f8ab",
              "parentUUID": "cfa001f4-b7ed-4abf-822c-ae42ab49d6c9",
              "isHook": false,
              "skipped": false
            }
          ],
          "suites": [],
          "passes": [],
          "failures": [
            "9bb68324-75b9-4845-b0fb-a69d7909f8ab"
          ],
          "pending": [],
          "skipped": [],
          "duration": 119,
          "root": false,
          "rootEmpty": false,
          "_timeout": 2000
        }
      ],
      "passes": [],
      "failures": [],
      "pending": [],
      "skipped": [],
      "duration": 0,
      "root": true,
      "rootEmpty": true,
      "_timeout": 2000
    }
  ],
  "meta": {
    "mocha": {
      "version": "7.0.1"
    },
    "mochawesome": {
      "options": {
        "quiet": false,
        "reportFilename": "mochawesome",
        "saveHtml": false,
        "saveJson": true,
        "consoleReporter": "spec",
        "useInlineDiffs": false,
        "code": true
      },
      "version": "7.1.3"
    },
    "marge": {
      "options": {
        "overwrite": false,
        "html": false,
        "json": true,
        "reportDir": "cypress/reports/html/.jsons"
      },
      "version": "6.2.0"
    }
  }
}